<?xml version="1.0" encoding="UTF-8"?>
<!-- Generated by org.testng.reporters.JUnitReportReporter -->
<testsuite hostname="DESKTOP-KFN922T" failures="0" tests="2" name="dataPassing.DataPassingXML" time="3.357" errors="0" timestamp="2023-05-31T20:15:03 IST" skipped="0">
  <testcase classname="dataPassing.DataPassingXML" name="dataPassingXml" time="1.556"/>
  <system-out/>
  <testcase classname="dataPassing.DataPassingXML" name="verifyurl" time="1.801"/>
  <system-out/>
</testsuite> <!-- dataPassing.DataPassingXML -->
