<?xml version="1.0" encoding="UTF-8"?>
<!-- Generated by org.testng.reporters.JUnitReportReporter -->
<testsuite hostname="DESKTOP-KFN922T" failures="0" tests="2" name="com.BasicTestNG.Demo.AssertionDemo" time="0.041" errors="0" timestamp="2023-05-22T10:42:04 IST" skipped="0">
  <testcase classname="com.BasicTestNG.Demo.AssertionDemo" name="hardAssertDemoTest" time="0.030"/>
  <system-out/>
  <testcase classname="com.BasicTestNG.Demo.AssertionDemo" name="softAssertDemoTest" time="0.011"/>
  <system-out/>
</testsuite> <!-- com.BasicTestNG.Demo.AssertionDemo -->
