<?xml version="1.0" encoding="UTF-8"?>
<!-- Generated by org.testng.reporters.JUnitReportReporter -->
<testsuite hostname="DESKTOP-KFN922T" failures="0" tests="1" name="screenshotDemo.TakeScreenshotDemo" time="6.933" errors="0" timestamp="2023-06-06T08:58:34 IST" skipped="0">
  <testcase classname="screenshotDemo.TakeScreenshotDemo" name="captureScreenshot" time="6.933"/>
  <system-out/>
</testsuite> <!-- screenshotDemo.TakeScreenshotDemo -->
