<?xml version="1.0" encoding="UTF-8"?>
<!-- Generated by org.testng.reporters.JUnitReportReporter -->
<testsuite hostname="DESKTOP-KFN922T" failures="0" tests="1" name="extentReports.ExtentReportsDemo" time="1.189" errors="0" timestamp="2023-06-07T10:23:11 IST" skipped="0">
  <testcase classname="extentReports.ExtentReportsDemo" name="ExtentReport" time="1.189"/>
  <system-out/>
</testsuite> <!-- extentReports.ExtentReportsDemo -->
