<?xml version="1.0" encoding="UTF-8"?>
<!-- Generated by org.testng.reporters.JUnitReportReporter -->
<testsuite hostname="DESKTOP-KFN922T" failures="0" tests="1" name="screenshotDemo.AmazonScreenshotDemo" time="10.215" errors="0" timestamp="2023-06-06T13:31:55 IST" skipped="0">
  <testcase classname="screenshotDemo.AmazonScreenshotDemo" name="AmazonCaptureScreenshot" time="10.215"/>
  <system-out/>
</testsuite> <!-- screenshotDemo.AmazonScreenshotDemo -->
