<?xml version="1.0" encoding="UTF-8"?>
<!-- Generated by org.testng.reporters.JUnitReportReporter -->
<testsuite hostname="DESKTOP-KFN922T" failures="0" tests="2" name="com.BasicTestNG.Demo.BrowserDemoTest" time="24.452" errors="0" timestamp="2023-05-22T09:45:04 IST" skipped="0">
  <testcase classname="com.BasicTestNG.Demo.BrowserDemoTest" name="chromeTest" time="6.837"/>
  <system-out/>
  <testcase classname="com.BasicTestNG.Demo.BrowserDemoTest" name="edgeTest" time="17.615"/>
  <system-out/>
</testsuite> <!-- com.BasicTestNG.Demo.BrowserDemoTest -->
