<?xml version="1.0" encoding="UTF-8"?>
<!-- Generated by org.testng.reporters.JUnitReportReporter -->
<testsuite hostname="DESKTOP-KFN922T" failures="0" tests="1" name="com.BasicTestNG.Demo.LoginScenarioAnnotationDemo" time="1.997" errors="0" timestamp="2023-05-16T15:39:31 IST" skipped="0">
  <testcase classname="com.BasicTestNG.Demo.LoginScenarioAnnotationDemo" name="logInTest" time="1.997"/>
  <system-out/>
</testsuite> <!-- com.BasicTestNG.Demo.LoginScenarioAnnotationDemo -->
