<?xml version="1.0" encoding="UTF-8"?>
<!-- Generated by org.testng.reporters.JUnitReportReporter -->
<testsuite hostname="DESKTOP-KFN922T" failures="0" tests="1" name="com.BasicTestNG.Demo.JavascriptExecutorDemo" time="13.991" errors="0" timestamp="2023-05-16T08:28:58 IST" skipped="0">
  <testcase classname="com.BasicTestNG.Demo.JavascriptExecutorDemo" name="JsExecutorDemo" time="13.991"/>
  <system-out/>
</testsuite> <!-- com.BasicTestNG.Demo.JavascriptExecutorDemo -->
