<?xml version="1.0" encoding="UTF-8"?>
<!-- Generated by org.testng.reporters.JUnitReportReporter -->
<testsuite hostname="DESKTOP-KFN922T" failures="0" tests="3" name="com.open.Browser.BrowserTest" time="31.936" errors="0" timestamp="2023-05-14T17:17:24 IST" skipped="0">
  <testcase classname="com.open.Browser.BrowserTest" name="chromeTest" time="8.101"/>
  <system-out/>
  <testcase classname="com.open.Browser.BrowserTest" name="edgeTest" time="23.827"/>
  <system-out/>
  <testcase classname="com.open.Browser.BrowserTest" name="tearDown" time="0.008"/>
  <system-out/>
</testsuite> <!-- com.open.Browser.BrowserTest -->
