<?xml version="1.0" encoding="UTF-8"?>
<!-- Generated by org.testng.reporters.JUnitReportReporter -->
<testsuite hostname="DESKTOP-KFN922T" failures="0" tests="3" name="DataDrivenTest.DataProviderDemo1" time="0.031" errors="0" timestamp="2023-05-22T11:58:28 IST" skipped="0">
  <testcase classname="DataDrivenTest.DataProviderDemo1" name="loginTest" time="0.025"/>
  <system-out/>
  <testcase classname="DataDrivenTest.DataProviderDemo1" name="loginTest" time="0.002"/>
  <system-out/>
  <testcase classname="DataDrivenTest.DataProviderDemo1" name="loginTest" time="0.004"/>
  <system-out/>
</testsuite> <!-- DataDrivenTest.DataProviderDemo1 -->
