<?xml version="1.0" encoding="UTF-8"?>
<!-- Generated by org.testng.reporters.JUnitReportReporter -->
<testsuite hostname="DESKTOP-KFN922T" failures="0" tests="1" name="com.open.Browser.JavascriptExecutorDemo" time="19.785" errors="0" timestamp="2023-05-14T17:56:06 IST" skipped="0">
  <testcase classname="com.open.Browser.JavascriptExecutorDemo" name="javaScriptEcecutor" time="19.785"/>
  <system-out/>
</testsuite> <!-- com.open.Browser.JavascriptExecutorDemo -->
