<?xml version="1.0" encoding="UTF-8"?>
<!-- Generated by org.testng.reporters.JUnitReportReporter -->
<testsuite hostname="DESKTOP-KFN922T" failures="0" tests="1" name="com.BasicTestNG.Demo.OrangeHrmLogin" time="13.851" errors="0" timestamp="2023-05-21T07:19:48 IST" skipped="0">
  <testcase classname="com.BasicTestNG.Demo.OrangeHrmLogin" name="doLogin" time="13.851"/>
  <system-out/>
</testsuite> <!-- com.BasicTestNG.Demo.OrangeHrmLogin -->
