<?xml version="1.0" encoding="UTF-8"?>
<!-- Generated by org.testng.reporters.JUnitReportReporter -->
<testsuite hostname="DESKTOP-KFN922T" failures="0" tests="1" name="DataDrivenTest.ExcelDataReader" time="1.441" errors="0" timestamp="2023-05-22T18:08:18 IST" skipped="0">
  <testcase classname="DataDrivenTest.ExcelDataReader" name="reader" time="1.441"/>
  <system-out/>
</testsuite> <!-- DataDrivenTest.ExcelDataReader -->
