<?xml version="1.0" encoding="UTF-8"?>
<!-- Generated by org.testng.reporters.JUnitReportReporter -->
<testsuite hostname="DESKTOP-KFN922T" failures="0" tests="3" name="com.BasicTestNG.Demo.AnnotationsDemo" time="0.064" errors="0" timestamp="2023-06-09T14:04:03 IST" skipped="0">
  <testcase classname="com.BasicTestNG.Demo.AnnotationsDemo" name="search" time="0.013"/>
  <testcase classname="com.BasicTestNG.Demo.AnnotationsDemo" name="logIn" time="0.026"/>
  <testcase classname="com.BasicTestNG.Demo.AnnotationsDemo" name="registration" time="0.025"/>
</testsuite> <!-- com.BasicTestNG.Demo.AnnotationsDemo -->
