<?xml version="1.0" encoding="UTF-8"?>
<!-- Generated by org.testng.reporters.JUnitReportReporter -->
<testsuite hostname="DESKTOP-KFN922T" failures="0" tests="6" name="com.open.Browser.TestDemo2" time="0.030" errors="0" timestamp="2023-05-14T17:17:24 IST" skipped="0">
  <testcase classname="com.open.Browser.TestDemo2" name="register" time="0.007"/>
  <system-out/>
  <testcase classname="com.open.Browser.TestDemo2" name="login" time="0.003"/>
  <system-out/>
  <testcase classname="com.open.Browser.TestDemo2" name="login" time="0.007"/>
  <system-out/>
  <testcase classname="com.open.Browser.TestDemo2" name="login" time="0.004"/>
  <system-out/>
  <testcase classname="com.open.Browser.TestDemo2" name="search" time="0.003"/>
  <system-out/>
  <testcase classname="com.open.Browser.TestDemo2" name="addTocart" time="0.006"/>
  <system-out/>
</testsuite> <!-- com.open.Browser.TestDemo2 -->
