<?xml version="1.0" encoding="UTF-8"?>
<!-- Generated by org.testng.reporters.JUnitReportReporter -->
<testsuite hostname="DESKTOP-KFN922T" failures="0" tests="1" name="com.BasicTestNG.Demo.ExplicitlyWaitDemo" time="7.426" errors="0" timestamp="2023-05-16T09:50:25 IST" skipped="0">
  <testcase classname="com.BasicTestNG.Demo.ExplicitlyWaitDemo" name="explicitWaitTest" time="7.426"/>
  <system-out/>
</testsuite> <!-- com.BasicTestNG.Demo.ExplicitlyWaitDemo -->
