<?xml version="1.0" encoding="UTF-8"?>
<!-- Generated by org.testng.reporters.JUnitReportReporter -->
<testsuite hostname="DESKTOP-KFN922T" failures="0" tests="1" name="com.BasicTestNG.Demo.PropertiesReadData" time="0.024" errors="0" timestamp="2023-05-20T10:30:35 IST" skipped="0">
  <testcase classname="com.BasicTestNG.Demo.PropertiesReadData" name="readFile" time="0.024"/>
  <system-out/>
</testsuite> <!-- com.BasicTestNG.Demo.PropertiesReadData -->
