<?xml version="1.0" encoding="UTF-8"?>
<!-- Generated by org.testng.reporters.JUnitReportReporter -->
<testsuite hostname="DESKTOP-KFN922T" failures="0" tests="4" name="com.open.Browser.TestDemo" time="0.017" errors="0" timestamp="2023-05-14T17:17:23 IST" skipped="0">
  <testcase classname="com.open.Browser.TestDemo" name="register" time="0.003"/>
  <system-out/>
  <testcase classname="com.open.Browser.TestDemo" name="login" time="0.006"/>
  <system-out/>
  <testcase classname="com.open.Browser.TestDemo" name="search" time="0.003"/>
  <system-out/>
  <testcase classname="com.open.Browser.TestDemo" name="addTocart" time="0.005"/>
  <system-out/>
</testsuite> <!-- com.open.Browser.TestDemo -->
