<?xml version="1.0" encoding="UTF-8"?>
<!-- Generated by org.testng.reporters.JUnitReportReporter -->
<testsuite hostname="DESKTOP-KFN922T" failures="0" tests="2" name="com.BasicTestNG.Demo.CrossBrowserDemo" time="25.434" errors="0" timestamp="2023-05-22T09:56:34 IST" skipped="0">
  <testcase classname="com.BasicTestNG.Demo.CrossBrowserDemo" name="crossBrowserTest" time="16.479"/>
  <system-out/>
  <testcase classname="com.BasicTestNG.Demo.CrossBrowserDemo" name="crossBrowserTest" time="8.955"/>
  <system-out/>
</testsuite> <!-- com.BasicTestNG.Demo.CrossBrowserDemo -->
