<?xml version="1.0" encoding="UTF-8"?>
<!-- Generated by org.testng.reporters.JUnitReportReporter -->
<testsuite hostname="DESKTOP-KFN922T" failures="0" tests="1" name="com.BasicTestNG.Demo.XmlDataPassing" time="0.032" errors="0" timestamp="2023-05-20T08:31:49 IST" skipped="0">
  <testcase classname="com.BasicTestNG.Demo.XmlDataPassing" name="testcase" time="0.032"/>
  <system-out/>
</testsuite> <!-- com.BasicTestNG.Demo.XmlDataPassing -->
